<?xml version="1.0" encoding="UTF-8"?>
<!-- Generated by org.testng.reporters.JUnitReportReporter -->
<testsuite hostname="DESKTOP-HE1DLJH" failures="0" tests="1" name="LoginPageTestCases.LoginPageTestCases" time="8.102" errors="0" timestamp="2024-05-23T12:04:23 IST" skipped="0">
  <testcase classname="LoginPageTestCases.LoginPageTestCases" name="loginSuccess" time="8.102"/>
</testsuite> <!-- LoginPageTestCases.LoginPageTestCases -->
